<?xml version="1.0" encoding="UTF-8"?>
<!-- Generated by org.testng.reporters.JUnitReportReporter -->
<testsuite hostname="DESKTOP-E1H3COG" failures="0" tests="1" name="SmartData_Appilcation.SmartData_App" time="49.550" errors="0" timestamp="13 Oct 2020 06:00:41 GMT" skipped="0">
  <testcase classname="SmartData_Appilcation.SmartData_App" name="SmartData_App_Inti" time="49.550"/>
</testsuite> <!-- SmartData_Appilcation.SmartData_App -->
